<?xml version="1.0" encoding="UTF-8"?>
<!-- Generated by org.testng.reporters.JUnitReportReporter -->
<testsuite hostname="AutomationSe" failures="0" tests="1" name="com.Webportal.Webportal_XWC" time="4.261" errors="0" timestamp="2023-01-16T01:31:31 EST" skipped="0">
  <testcase classname="com.Webportal.Webportal_XWC" name="TestOperation" time="4.261"/>
  <system-out/>
</testsuite> <!-- com.Webportal.Webportal_XWC -->
