<?xml version="1.0" encoding="UTF-8"?>
<!-- Generated by org.testng.reporters.JUnitReportReporter -->
<testsuite hostname="AutomationSe" failures="0" tests="1" name="com.Portal.Web_Portal" time="0.019" errors="0" timestamp="2023-01-10T05:23:17 EST" skipped="0">
  <testcase classname="com.Portal.Web_Portal" name="f" time="0.019"/>
  <system-out/>
</testsuite> <!-- com.Portal.Web_Portal -->
